mode: set
github.com/mystaline/chatarea-gofiber/cmd/main.go:14.13,28.2 8 0
github.com/mystaline/chatarea-gofiber/internal/app/mocks/auth_service_mock.go:13.83,17.2 3 0
github.com/mystaline/chatarea-gofiber/internal/app/mocks/auth_service_mock.go:19.82,22.2 2 0
github.com/mystaline/chatarea-gofiber/internal/app/mocks/base_service_mock.go:14.100,17.2 2 0
github.com/mystaline/chatarea-gofiber/internal/app/mocks/base_service_mock.go:20.97,23.2 2 0
github.com/mystaline/chatarea-gofiber/internal/app/mocks/base_service_mock.go:26.117,29.2 2 0
github.com/mystaline/chatarea-gofiber/internal/app/mocks/base_service_mock.go:31.56,33.2 1 0
github.com/mystaline/chatarea-gofiber/internal/router/router.go:9.34,62.2 35 0
github.com/mystaline/chatarea-gofiber/internal/app/middleware/authentication.go:15.34,16.34 1 0
github.com/mystaline/chatarea-gofiber/internal/app/middleware/authentication.go:16.34,20.68 3 0
github.com/mystaline/chatarea-gofiber/internal/app/middleware/authentication.go:20.68,25.4 1 0
github.com/mystaline/chatarea-gofiber/internal/app/middleware/authentication.go:27.3,29.74 2 0
github.com/mystaline/chatarea-gofiber/internal/app/middleware/authentication.go:29.74,31.55 2 0
github.com/mystaline/chatarea-gofiber/internal/app/middleware/authentication.go:31.55,33.5 1 0
github.com/mystaline/chatarea-gofiber/internal/app/middleware/authentication.go:35.4,36.47 2 0
github.com/mystaline/chatarea-gofiber/internal/app/middleware/authentication.go:39.3,39.33 1 0
github.com/mystaline/chatarea-gofiber/internal/app/middleware/authentication.go:39.33,44.4 1 0
github.com/mystaline/chatarea-gofiber/internal/app/middleware/authentication.go:46.3,65.18 6 0
github.com/mystaline/chatarea-gofiber/internal/app/middleware/authentication.go:69.37,70.26 1 0
github.com/mystaline/chatarea-gofiber/internal/app/pipeline/extract_json_fields.go:8.42,12.38 3 0
github.com/mystaline/chatarea-gofiber/internal/app/pipeline/extract_json_fields.go:12.38,19.40 4 0
github.com/mystaline/chatarea-gofiber/internal/app/pipeline/extract_json_fields.go:19.40,21.4 1 0
github.com/mystaline/chatarea-gofiber/internal/app/pipeline/extract_json_fields.go:24.2,24.16 1 0
github.com/mystaline/chatarea-gofiber/internal/app/pipeline/filter_allowed_body_fields.go:8.84,11.31 3 0
github.com/mystaline/chatarea-gofiber/internal/app/pipeline/filter_allowed_body_fields.go:11.31,13.3 1 0
github.com/mystaline/chatarea-gofiber/internal/app/pipeline/filter_allowed_body_fields.go:14.2,16.38 2 0
github.com/mystaline/chatarea-gofiber/internal/app/pipeline/filter_allowed_body_fields.go:16.38,19.38 3 0
github.com/mystaline/chatarea-gofiber/internal/app/pipeline/filter_allowed_body_fields.go:19.38,20.12 1 0
github.com/mystaline/chatarea-gofiber/internal/app/pipeline/filter_allowed_body_fields.go:22.3,22.31 1 0
github.com/mystaline/chatarea-gofiber/internal/app/pipeline/filter_allowed_body_fields.go:22.31,23.22 1 0
github.com/mystaline/chatarea-gofiber/internal/app/pipeline/filter_allowed_body_fields.go:23.22,25.5 1 0
github.com/mystaline/chatarea-gofiber/internal/app/pipeline/filter_allowed_body_fields.go:28.2,28.15 1 0
github.com/mystaline/chatarea-gofiber/internal/app/pipeline/filter_query_builder.go:34.73,37.36 2 0
github.com/mystaline/chatarea-gofiber/internal/app/pipeline/filter_query_builder.go:37.36,40.64 3 0
github.com/mystaline/chatarea-gofiber/internal/app/pipeline/filter_query_builder.go:40.64,41.12 1 0
github.com/mystaline/chatarea-gofiber/internal/app/pipeline/filter_query_builder.go:44.3,44.80 1 0
github.com/mystaline/chatarea-gofiber/internal/app/pipeline/filter_query_builder.go:47.2,47.17 1 0
github.com/mystaline/chatarea-gofiber/internal/app/pipeline/filter_query_builder.go:50.59,51.33 1 0
github.com/mystaline/chatarea-gofiber/internal/app/pipeline/filter_query_builder.go:51.33,53.3 1 0
github.com/mystaline/chatarea-gofiber/internal/app/pipeline/filter_query_builder.go:55.2,58.3 1 0
github.com/mystaline/chatarea-gofiber/internal/app/service/auth_service.go:22.79,26.124 3 0
github.com/mystaline/chatarea-gofiber/internal/app/service/auth_service.go:26.124,29.3 2 0
github.com/mystaline/chatarea-gofiber/internal/app/service/auth_service.go:31.2,31.95 1 0
github.com/mystaline/chatarea-gofiber/internal/app/service/auth_service.go:31.95,33.3 1 0
github.com/mystaline/chatarea-gofiber/internal/app/service/auth_service.go:35.2,35.36 1 0
github.com/mystaline/chatarea-gofiber/internal/app/service/auth_service.go:38.78,44.15 4 0
github.com/mystaline/chatarea-gofiber/internal/app/service/auth_service.go:44.15,47.3 2 0
github.com/mystaline/chatarea-gofiber/internal/app/service/auth_service.go:49.2,51.16 2 0
github.com/mystaline/chatarea-gofiber/internal/app/service/auth_service.go:51.16,53.3 1 0
github.com/mystaline/chatarea-gofiber/internal/app/service/auth_service.go:55.2,61.67 2 0
github.com/mystaline/chatarea-gofiber/internal/app/service/auth_service.go:61.67,63.3 1 0
github.com/mystaline/chatarea-gofiber/internal/app/service/auth_service.go:65.2,65.12 1 0
github.com/mystaline/chatarea-gofiber/internal/app/service/base_service.go:30.9,34.23 3 0
github.com/mystaline/chatarea-gofiber/internal/app/service/base_service.go:34.23,36.3 1 0
github.com/mystaline/chatarea-gofiber/internal/app/service/base_service.go:38.2,40.34 2 0
github.com/mystaline/chatarea-gofiber/internal/app/service/base_service.go:40.34,45.3 1 0
github.com/mystaline/chatarea-gofiber/internal/app/service/base_service.go:47.2,47.12 1 0
github.com/mystaline/chatarea-gofiber/internal/app/service/base_service.go:55.9,59.23 3 0
github.com/mystaline/chatarea-gofiber/internal/app/service/base_service.go:59.23,61.3 1 0
github.com/mystaline/chatarea-gofiber/internal/app/service/base_service.go:63.2,65.34 2 0
github.com/mystaline/chatarea-gofiber/internal/app/service/base_service.go:65.34,70.3 1 0
github.com/mystaline/chatarea-gofiber/internal/app/service/base_service.go:72.2,72.12 1 0
github.com/mystaline/chatarea-gofiber/internal/app/service/base_service.go:81.9,82.48 1 0
github.com/mystaline/chatarea-gofiber/internal/app/service/base_service.go:82.48,84.3 1 0
github.com/mystaline/chatarea-gofiber/internal/app/service/base_service.go:86.2,86.78 1 0
github.com/mystaline/chatarea-gofiber/internal/app/service/base_service.go:86.78,91.3 1 0
github.com/mystaline/chatarea-gofiber/internal/app/service/base_service.go:93.2,93.12 1 0
github.com/mystaline/chatarea-gofiber/internal/app/service/base_service.go:96.73,101.2 1 0
github.com/mystaline/chatarea-gofiber/internal/app/service/init.go:18.21,21.2 2 0
github.com/mystaline/chatarea-gofiber/internal/config/config.go:14.18,24.16 3 0
github.com/mystaline/chatarea-gofiber/internal/config/config.go:24.16,26.3 1 0
github.com/mystaline/chatarea-gofiber/internal/config/config.go:27.2,30.84 3 0
github.com/mystaline/chatarea-gofiber/internal/config/config.go:30.84,32.3 1 0
github.com/mystaline/chatarea-gofiber/internal/config/config.go:35.23,37.2 1 0
github.com/mystaline/chatarea-gofiber/internal/config/jwt.go:11.48,19.2 3 0
github.com/mystaline/chatarea-gofiber/internal/app/controllers/auth_controller.go:13.32,16.47 2 1
github.com/mystaline/chatarea-gofiber/internal/app/controllers/auth_controller.go:16.47,21.3 1 1
github.com/mystaline/chatarea-gofiber/internal/app/controllers/auth_controller.go:23.2,25.50 3 1
github.com/mystaline/chatarea-gofiber/internal/app/controllers/auth_controller.go:25.50,31.3 1 1
github.com/mystaline/chatarea-gofiber/internal/app/controllers/auth_controller.go:33.2,35.16 2 1
github.com/mystaline/chatarea-gofiber/internal/app/controllers/auth_controller.go:35.16,36.54 1 1
github.com/mystaline/chatarea-gofiber/internal/app/controllers/auth_controller.go:36.54,41.4 1 1
github.com/mystaline/chatarea-gofiber/internal/app/controllers/auth_controller.go:43.3,46.5 1 1
github.com/mystaline/chatarea-gofiber/internal/app/controllers/auth_controller.go:49.2,53.4 1 1
github.com/mystaline/chatarea-gofiber/internal/app/controllers/auth_controller.go:56.35,59.47 2 1
github.com/mystaline/chatarea-gofiber/internal/app/controllers/auth_controller.go:59.47,64.3 1 1
github.com/mystaline/chatarea-gofiber/internal/app/controllers/auth_controller.go:66.2,68.50 3 1
github.com/mystaline/chatarea-gofiber/internal/app/controllers/auth_controller.go:68.50,74.3 1 1
github.com/mystaline/chatarea-gofiber/internal/app/controllers/auth_controller.go:76.2,78.16 2 1
github.com/mystaline/chatarea-gofiber/internal/app/controllers/auth_controller.go:78.16,79.61 1 1
github.com/mystaline/chatarea-gofiber/internal/app/controllers/auth_controller.go:79.61,84.4 1 1
github.com/mystaline/chatarea-gofiber/internal/app/controllers/auth_controller.go:86.3,89.5 1 1
github.com/mystaline/chatarea-gofiber/internal/app/controllers/auth_controller.go:92.2,95.4 1 1
github.com/mystaline/chatarea-gofiber/internal/app/controllers/profile_controller.go:14.29,29.17 6 1
github.com/mystaline/chatarea-gofiber/internal/app/controllers/profile_controller.go:29.17,32.3 1 1
github.com/mystaline/chatarea-gofiber/internal/app/controllers/profile_controller.go:34.2,37.4 1 1
github.com/mystaline/chatarea-gofiber/internal/app/controllers/profile_controller.go:40.38,44.47 3 1
github.com/mystaline/chatarea-gofiber/internal/app/controllers/profile_controller.go:44.47,49.3 1 1
github.com/mystaline/chatarea-gofiber/internal/app/controllers/profile_controller.go:51.2,62.18 4 1
github.com/mystaline/chatarea-gofiber/internal/app/controllers/profile_controller.go:62.18,63.53 1 1
github.com/mystaline/chatarea-gofiber/internal/app/controllers/profile_controller.go:63.53,66.4 1 1
github.com/mystaline/chatarea-gofiber/internal/app/controllers/profile_controller.go:67.3,68.88 1 1
github.com/mystaline/chatarea-gofiber/internal/app/controllers/profile_controller.go:71.2,74.4 1 1
github.com/mystaline/chatarea-gofiber/internal/app/controllers/user_controller.go:11.35,15.46 3 1
github.com/mystaline/chatarea-gofiber/internal/app/controllers/user_controller.go:15.46,20.3 1 1
github.com/mystaline/chatarea-gofiber/internal/app/controllers/user_controller.go:22.2,31.17 2 1
github.com/mystaline/chatarea-gofiber/internal/app/controllers/user_controller.go:31.17,33.3 1 1
github.com/mystaline/chatarea-gofiber/internal/app/controllers/user_controller.go:34.2,34.22 1 1
